<?xml version="1.0" encoding="UTF-8"?>
<testsuite name="lab04.CollectionUtilsTest" tests="4" skipped="0" failures="0" errors="0" timestamp="2023-06-03T03:00:32" hostname="arfazhussX.local" time="0.04">
  <properties/>
  <testcase name="[1] non-empty intersection similar size, [1, 2, 3], [3, 4, 5], true" classname="lab04.CollectionUtilsTest" time="0.036"/>
  <testcase name="[2] non-empty intersection non-similar size, [2, 3], [3, 4, 5], true" classname="lab04.CollectionUtilsTest" time="0.001"/>
  <testcase name="[3] empty intersection, [1, 2, 3], [4, 5, 6], false" classname="lab04.CollectionUtilsTest" time="0.0"/>
  <testcase name="[4] empty collections, [], [], false" classname="lab04.CollectionUtilsTest" time="0.0"/>
  <system-out><![CDATA[]]></system-out>
  <system-err><![CDATA[]]></system-err>
</testsuite>
