<?xml version="1.0" encoding="UTF-8"?>
<testsuite name="lab06.TodoApplicationTest" tests="1" skipped="0" failures="0" errors="0" timestamp="2023-06-18T06:22:09" hostname="arfazhussX.local" time="0.206">
  <properties/>
  <testcase name="retrieveTodos()" classname="lab06.TodoApplicationTest" time="0.206"/>
  <system-out><![CDATA[]]></system-out>
  <system-err><![CDATA[]]></system-err>
</testsuite>
