<?xml version="1.0" encoding="UTF-8"?>
<testsuite name="assignment1.TriangleTest" tests="6" skipped="0" failures="0" errors="0" timestamp="2023-06-10T03:32:01" hostname="arfazhussX.local" time="0.018">
  <properties/>
  <testcase name="[1] Equilateral Triangle, 5, 5, 5, EQUILATERAL" classname="assignment1.TriangleTest" time="0.013"/>
  <testcase name="[2] SCALENE Triangle, 5, 6, 7, SCALENE" classname="assignment1.TriangleTest" time="0.0"/>
  <testcase name="[3] Equilateral Triangle, 5, 5, 5, EQUILATERAL" classname="assignment1.TriangleTest" time="0.0"/>
  <testcase name="[4] ISOSCELES Triangle, 5, 6, 5, ISOSCELES" classname="assignment1.TriangleTest" time="0.001"/>
  <testcase name="[5] Equilateral Triangle, 5, 5, 5, EQUILATERAL" classname="assignment1.TriangleTest" time="0.001"/>
  <testcase name="[6] Not Invalid, 5, 5, 11, INVALID" classname="assignment1.TriangleTest" time="0.0"/>
  <system-out><![CDATA[]]></system-out>
  <system-err><![CDATA[]]></system-err>
</testsuite>
