<?xml version="1.0" encoding="UTF-8"?>
<testsuite name="lab02.RectangleTest" tests="1" skipped="0" failures="0" errors="0" timestamp="2023-05-16T03:27:46" hostname="DESKTOP-UQHLICA" time="0.028">
  <properties/>
  <testcase name="testHarnessWorking()" classname="lab02.RectangleTest" time="0.028"/>
  <system-out><![CDATA[]]></system-out>
  <system-err><![CDATA[]]></system-err>
</testsuite>
