<?xml version="1.0" encoding="UTF-8"?>
<testsuite name="nl.tudelft.jpacman.board.BoardFactoryTest" tests="5" skipped="0" failures="0" errors="0" timestamp="2023-07-17T10:49:12" hostname="arfazhussX.local" time="0.071">
  <properties/>
  <testcase name="connectedEast()" classname="nl.tudelft.jpacman.board.BoardFactoryTest" time="0.056"/>
  <testcase name="connectedWest()" classname="nl.tudelft.jpacman.board.BoardFactoryTest" time="0.001"/>
  <testcase name="worldIsRound()" classname="nl.tudelft.jpacman.board.BoardFactoryTest" time="0.012"/>
  <testcase name="connectedNorth()" classname="nl.tudelft.jpacman.board.BoardFactoryTest" time="0.0"/>
  <testcase name="connectedSouth()" classname="nl.tudelft.jpacman.board.BoardFactoryTest" time="0.001"/>
  <system-out><![CDATA[]]></system-out>
  <system-err><![CDATA[]]></system-err>
</testsuite>
